<?xml version="1.0" encoding="UTF-8"?>
<!-- Generated by org.testng.reporters.JUnitReportReporter -->
<testsuite skipped="1" hostname="DESKTOP-T9T1Q5L" name="Test.Grabqupons" tests="4" failures="0" timestamp="2020-10-21T20:57:17 IST" time="32.706" errors="0">
  <testcase name="Login" time="10.630" classname="Test.Grabqupons"/>
  <system-out/>
  <testcase name="Publishqpons" time="13.094" classname="Test.Grabqupons"/>
  <system-out/>
  <testcase name="Nvigation" time="8.982" classname="Test.Grabqupons"/>
  <system-out/>
  <testcase name="Home" classname="Test.Grabqupons">
    <skipped/>
  </testcase> <!-- Home -->
  <system-out/>
</testsuite> <!-- Test.Grabqupons -->
