<?xml version="1.0" encoding="UTF-8"?>
<!-- Generated by org.testng.reporters.JUnitReportReporter -->
<testsuite skipped="0" hostname="DESKTOP-T9T1Q5L" name="Test.BaseClass" tests="1" failures="0" timestamp="2020-10-17T14:23:49 IST" time="0.012" errors="0">
  <testcase name="Hi" time="0.012" classname="Test.BaseClass"/>
  <system-out/>
</testsuite> <!-- Test.BaseClass -->
